<?xml version="1.0" encoding="UTF-8"?>
<testsuite name="com.dist.cmd.BrokerAppTest" tests="1" skipped="1" failures="0" errors="0" timestamp="2025-07-05T14:09:47" hostname="Unmeshs-MacBook-Pro.local" time="0.001">
  <properties/>
  <testcase name="testProcudingAndConsumingFromBrokerAppCluster" classname="com.dist.cmd.BrokerAppTest" time="0.001">
    <skipped/>
  </testcase>
  <system-out><![CDATA[]]></system-out>
  <system-err><![CDATA[]]></system-err>
</testsuite>
