<?xml version="1.0" encoding="UTF-8"?>
<testsuite name="com.dist.simplekafka.TopicChangeListenerTest" tests="1" skipped="0" failures="0" errors="0" timestamp="2025-07-05T14:09:49" hostname="Unmeshs-MacBook-Pro.local" time="0.22">
  <properties/>
  <testcase name="detectNewTopicCreation" classname="com.dist.simplekafka.TopicChangeListenerTest" time="0.22"/>
  <system-out><![CDATA[]]></system-out>
  <system-err><![CDATA[]]></system-err>
</testsuite>
