<?xml version="1.0" encoding="UTF-8"?>
<testsuite name="com.dist.simplekafka.LogTest" tests="1" skipped="0" failures="0" errors="0" timestamp="2025-07-05T14:09:47" hostname="Unmeshs-MacBook-Pro.local" time="0.009">
  <properties/>
  <testcase name="appendsMessages" classname="com.dist.simplekafka.LogTest" time="0.009"/>
  <system-out><![CDATA[offset = 1
offset2 = 2
]]></system-out>
  <system-err><![CDATA[]]></system-err>
</testsuite>
