<?xml version="1.0" encoding="UTF-8"?>
<testsuite name="com.dist.simplekafka.ZookeeperClientTest" tests="9" skipped="0" failures="0" errors="0" timestamp="2025-07-05T14:09:48" hostname="Unmeshs-MacBook-Pro.local" time="0.731">
  <properties/>
  <testcase name="testSubscribeTopicChangeListener" classname="com.dist.simplekafka.ZookeeperClientTest" time="0.086"/>
  <testcase name="testSubcribeBrokerChangeListener" classname="com.dist.simplekafka.ZookeeperClientTest" time="0.073"/>
  <testcase name="testGetPartitionReplicaLeaderInfo" classname="com.dist.simplekafka.ZookeeperClientTest" time="0.13"/>
  <testcase name="registersTopicPartitionInfo" classname="com.dist.simplekafka.ZookeeperClientTest" time="0.058"/>
  <testcase name="testGetTopics" classname="com.dist.simplekafka.ZookeeperClientTest" time="0.136"/>
  <testcase name="testGetAllBrokerIds" classname="com.dist.simplekafka.ZookeeperClientTest" time="0.072"/>
  <testcase name="testGetAllBrokers" classname="com.dist.simplekafka.ZookeeperClientTest" time="0.064"/>
  <testcase name="testGetBrokerInfo" classname="com.dist.simplekafka.ZookeeperClientTest" time="0.072"/>
  <testcase name="registersBroker" classname="com.dist.simplekafka.ZookeeperClientTest" time="0.04"/>
  <system-out><![CDATA[Adding broker = Broker[id=2, host=192.168.0.135, port=53875]
]]></system-out>
  <system-err><![CDATA[]]></system-err>
</testsuite>
